<?xml version="1.0" encoding="UTF-8"?>
<!-- Generated by org.testng.reporters.JUnitXMLReporter -->
<testsuite ignored="0" hostname="Rehan" failures="0" tests="3" name="Creating new user with subsciption" time="27.246" errors="0" timestamp="2022-09-29T23:13:42 IST">
  <testcase classname="tls_backend.EmbraceBackendB2B" name="login" time="3.776"/>
  <testcase classname="tls_backend.EmbraceBackendB2B" name="createUser" time="6.808"/>
  <testcase classname="tls_backend.EmbraceBackendB2B" name="addUserToSubsription" time="16.627"/>
</testsuite> <!-- Creating new user with subsciption -->
