<?xml version="1.0" encoding="UTF-8"?>
<!-- Generated by org.testng.reporters.JUnitXMLReporter -->
<testsuite ignored="0" hostname="Rehan" failures="0" tests="3" name="B2B-Embrace_UserCreation" time="24.907" errors="0" timestamp="2022-09-28T01:49:19 IST">
  <testcase classname="tls_backend.EmbraceBackendB2B" name="login" time="2.563"/>
  <testcase classname="tls_backend.EmbraceBackendB2B" name="createUser" time="6.158"/>
  <testcase classname="tls_backend.EmbraceBackendB2B" name="addUserToSubsription" time="16.153"/>
</testsuite> <!-- B2B-Embrace_UserCreation -->
